<?xml version="1.0" encoding="UTF-8"?>
<testsuite name="com.rynowak.weatherapp.WeatherappApplicationTests" tests="1" skipped="0" failures="0" errors="0" timestamp="2020-01-19T07:09:29" hostname="test.example.lan" time="0.288">
  <properties/>
  <testcase name="contextLoads()" classname="com.rynowak.weatherapp.WeatherappApplicationTests" time="0.288"/>
  <system-out><![CDATA[23:09:25.721 [Test worker] DEBUG org.springframework.test.context.BootstrapUtils - Instantiating CacheAwareContextLoaderDelegate from class [org.springframework.test.context.cache.DefaultCacheAwareContextLoaderDelegate]
23:09:25.754 [Test worker] DEBUG org.springframework.test.context.BootstrapUtils - Instantiating BootstrapContext using constructor [public org.springframework.test.context.support.DefaultBootstrapContext(java.lang.Class,org.springframework.test.context.CacheAwareContextLoaderDelegate)]
23:09:25.789 [Test worker] DEBUG org.springframework.test.context.BootstrapUtils - Instantiating TestContextBootstrapper for test class [com.rynowak.weatherapp.WeatherappApplicationTests] from class [org.springframework.boot.test.context.SpringBootTestContextBootstrapper]
23:09:25.838 [Test worker] INFO org.springframework.boot.test.context.SpringBootTestContextBootstrapper - Neither @ContextConfiguration nor @ContextHierarchy found for test class [com.rynowak.weatherapp.WeatherappApplicationTests], using SpringBootContextLoader
23:09:25.842 [Test worker] DEBUG org.springframework.test.context.support.AbstractContextLoader - Did not detect default resource location for test class [com.rynowak.weatherapp.WeatherappApplicationTests]: class path resource [com/rynowak/weatherapp/WeatherappApplicationTests-context.xml] does not exist
23:09:25.842 [Test worker] DEBUG org.springframework.test.context.support.AbstractContextLoader - Did not detect default resource location for test class [com.rynowak.weatherapp.WeatherappApplicationTests]: class path resource [com/rynowak/weatherapp/WeatherappApplicationTestsContext.groovy] does not exist
23:09:25.843 [Test worker] INFO org.springframework.test.context.support.AbstractContextLoader - Could not detect default resource locations for test class [com.rynowak.weatherapp.WeatherappApplicationTests]: no resource found for suffixes {-context.xml, Context.groovy}.
23:09:25.844 [Test worker] INFO org.springframework.test.context.support.AnnotationConfigContextLoaderUtils - Could not detect default configuration classes for test class [com.rynowak.weatherapp.WeatherappApplicationTests]: WeatherappApplicationTests does not declare any static, non-private, non-final, nested classes annotated with @Configuration.
23:09:25.890 [Test worker] DEBUG org.springframework.test.context.support.ActiveProfilesUtils - Could not find an 'annotation declaring class' for annotation type [org.springframework.test.context.ActiveProfiles] and class [com.rynowak.weatherapp.WeatherappApplicationTests]
23:09:25.990 [Test worker] DEBUG org.springframework.context.annotation.ClassPathScanningCandidateComponentProvider - Identified candidate component class: file [/Users/ryan/github.com/rynowak/benchmarks-playground/java/weatherapp-springboot/build/classes/java/main/com/rynowak/weatherapp/WeatherappApplication.class]
23:09:25.992 [Test worker] INFO org.springframework.boot.test.context.SpringBootTestContextBootstrapper - Found @SpringBootConfiguration com.rynowak.weatherapp.WeatherappApplication for test class com.rynowak.weatherapp.WeatherappApplicationTests
23:09:26.110 [Test worker] DEBUG org.springframework.boot.test.context.SpringBootTestContextBootstrapper - @TestExecutionListeners is not present for class [com.rynowak.weatherapp.WeatherappApplicationTests]: using defaults.
23:09:26.111 [Test worker] INFO org.springframework.boot.test.context.SpringBootTestContextBootstrapper - Loaded default TestExecutionListener class names from location [META-INF/spring.factories]: [org.springframework.boot.test.autoconfigure.restdocs.RestDocsTestExecutionListener, org.springframework.boot.test.autoconfigure.web.client.MockRestServiceServerResetTestExecutionListener, org.springframework.boot.test.autoconfigure.web.servlet.MockMvcPrintOnlyOnFailureTestExecutionListener, org.springframework.boot.test.autoconfigure.web.servlet.WebDriverTestExecutionListener, org.springframework.boot.test.mock.mockito.MockitoTestExecutionListener, org.springframework.boot.test.mock.mockito.ResetMocksTestExecutionListener, org.springframework.test.context.web.ServletTestExecutionListener, org.springframework.test.context.support.DirtiesContextBeforeModesTestExecutionListener, org.springframework.test.context.support.DependencyInjectionTestExecutionListener, org.springframework.test.context.support.DirtiesContextTestExecutionListener, org.springframework.test.context.transaction.TransactionalTestExecutionListener, org.springframework.test.context.jdbc.SqlScriptsTestExecutionListener, org.springframework.test.context.event.EventPublishingTestExecutionListener]
23:09:26.125 [Test worker] DEBUG org.springframework.boot.test.context.SpringBootTestContextBootstrapper - Skipping candidate TestExecutionListener [org.springframework.test.context.transaction.TransactionalTestExecutionListener] due to a missing dependency. Specify custom listener classes or make the default listener classes and their required dependencies available. Offending class: [org/springframework/transaction/interceptor/TransactionAttributeSource]
23:09:26.126 [Test worker] DEBUG org.springframework.boot.test.context.SpringBootTestContextBootstrapper - Skipping candidate TestExecutionListener [org.springframework.test.context.jdbc.SqlScriptsTestExecutionListener] due to a missing dependency. Specify custom listener classes or make the default listener classes and their required dependencies available. Offending class: [org/springframework/transaction/interceptor/TransactionAttribute]
23:09:26.126 [Test worker] INFO org.springframework.boot.test.context.SpringBootTestContextBootstrapper - Using TestExecutionListeners: [org.springframework.test.context.web.ServletTestExecutionListener@184c373c, org.springframework.test.context.support.DirtiesContextBeforeModesTestExecutionListener@22bd6ba4, org.springframework.boot.test.mock.mockito.MockitoTestExecutionListener@32a4cad5, org.springframework.boot.test.autoconfigure.SpringBootDependencyInjectionTestExecutionListener@443a2d07, org.springframework.test.context.support.DirtiesContextTestExecutionListener@3d36076b, org.springframework.test.context.event.EventPublishingTestExecutionListener@749fbb22, org.springframework.boot.test.autoconfigure.restdocs.RestDocsTestExecutionListener@60f93506, org.springframework.boot.test.autoconfigure.web.client.MockRestServiceServerResetTestExecutionListener@753e7e0b, org.springframework.boot.test.autoconfigure.web.servlet.MockMvcPrintOnlyOnFailureTestExecutionListener@783e3298, org.springframework.boot.test.autoconfigure.web.servlet.WebDriverTestExecutionListener@7171c016, org.springframework.boot.test.mock.mockito.ResetMocksTestExecutionListener@58898a3b]
23:09:26.132 [Test worker] DEBUG org.springframework.test.context.support.AbstractDirtiesContextTestExecutionListener - Before test class: context [DefaultTestContext@3d64c395 testClass = WeatherappApplicationTests, testInstance = [null], testMethod = [null], testException = [null], mergedContextConfiguration = [WebMergedContextConfiguration@13e4495a testClass = WeatherappApplicationTests, locations = '{}', classes = '{class com.rynowak.weatherapp.WeatherappApplication}', contextInitializerClasses = '[]', activeProfiles = '{}', propertySourceLocations = '{}', propertySourceProperties = '{org.springframework.boot.test.context.SpringBootTestContextBootstrapper=true}', contextCustomizers = set[org.springframework.boot.test.autoconfigure.properties.PropertyMappingContextCustomizer@0, org.springframework.boot.test.autoconfigure.web.servlet.WebDriverContextCustomizerFactory$Customizer@5fd65922, org.springframework.boot.test.context.filter.ExcludeFilterContextCustomizer@63fa88ae, org.springframework.boot.test.json.DuplicateJsonObjectContextCustomizerFactory$DuplicateJsonObjectContextCustomizer@7744923e, org.springframework.boot.test.mock.mockito.MockitoContextCustomizer@0, org.springframework.boot.test.web.client.TestRestTemplateContextCustomizer@1ed7fc4f], resourceBasePath = 'src/main/webapp', contextLoader = 'org.springframework.boot.test.context.SpringBootContextLoader', parent = [null]], attributes = map['org.springframework.test.context.web.ServletTestExecutionListener.activateListener' -> true]], class annotated with @DirtiesContext [false] with mode [null].
23:09:26.163 [Test worker] DEBUG org.springframework.test.context.support.TestPropertySourceUtils - Adding inlined properties to environment: {spring.jmx.enabled=false, org.springframework.boot.test.context.SpringBootTestContextBootstrapper=true, server.port=-1}

  .   ____          _            __ _ _
 /\\ / ___'_ __ _ _(_)_ __  __ _ \ \ \ \
( ( )\___ | '_ | '_| | '_ \/ _` | \ \ \ \
 \\/  ___)| |_)| | | | | || (_| |  ) ) ) )
  '  |____| .__|_| |_|_| |_\__, | / / / /
 =========|_|==============|___/=/_/_/_/
 :: Spring Boot ::        (v2.2.2.RELEASE)

2020-01-18 23:09:26.578  INFO 34348 --- [    Test worker] c.r.w.WeatherappApplicationTests         : Starting WeatherappApplicationTests on test.example.lan with PID 34348 (started by ryan in /Users/ryan/github.com/rynowak/benchmarks-playground/java/weatherapp-springboot)
2020-01-18 23:09:26.581  INFO 34348 --- [    Test worker] c.r.w.WeatherappApplicationTests         : No active profile set, falling back to default profiles: default
2020-01-18 23:09:28.703  INFO 34348 --- [    Test worker] o.s.s.concurrent.ThreadPoolTaskExecutor  : Initializing ExecutorService 'applicationTaskExecutor'
2020-01-18 23:09:29.096  INFO 34348 --- [    Test worker] c.r.w.WeatherappApplicationTests         : Started WeatherappApplicationTests in 2.922 seconds (JVM running for 4.356)
]]></system-out>
  <system-err><![CDATA[]]></system-err>
</testsuite>
